Using pre-set license
Built from '2021.3/staging' branch; Version is '2021.3.0f1 (6eacc8284459) revision 7253192'; Using compiler version '192829333'; Build Type 'Release'
OS: 'Windows 11  (10.0.22000) 64bit Core' Language: 'en' Physical Memory: 16242 MB
BatchMode: 1, IsHumanControllingUs: 0, StartBugReporterOnCrash: 0, Is64bit: 1, IsPro: 1

COMMAND LINE ARGUMENTS:
D:\Unity\2021.3.0f1\Editor\Unity.exe
-adb2
-batchMode
-noUpm
-name
AssetImportWorker4
-projectPath
C:/Games/Unity/GT/BlockMind
-logFile
Logs/AssetImportWorker4.log
-srvPort
58254
Successfully changed project path to: C:/Games/Unity/GT/BlockMind
C:/Games/Unity/GT/BlockMind
[UnityMemory] Configuration Parameters - Can be set up in boot.config
    "memorysetup-bucket-allocator-granularity=16"
    "memorysetup-bucket-allocator-bucket-count=8"
    "memorysetup-bucket-allocator-block-size=33554432"
    "memorysetup-bucket-allocator-block-count=8"
    "memorysetup-main-allocator-block-size=16777216"
    "memorysetup-thread-allocator-block-size=16777216"
    "memorysetup-gfx-main-allocator-block-size=16777216"
    "memorysetup-gfx-thread-allocator-block-size=16777216"
    "memorysetup-cache-allocator-block-size=4194304"
    "memorysetup-typetree-allocator-block-size=2097152"
    "memorysetup-profiler-bucket-allocator-granularity=16"
    "memorysetup-profiler-bucket-allocator-bucket-count=8"
    "memorysetup-profiler-bucket-allocator-block-size=33554432"
    "memorysetup-profiler-bucket-allocator-block-count=8"
    "memorysetup-profiler-allocator-block-size=16777216"
    "memorysetup-profiler-editor-allocator-block-size=1048576"
    "memorysetup-temp-allocator-size-main=16777216"
    "memorysetup-job-temp-allocator-block-size=2097152"
    "memorysetup-job-temp-allocator-block-size-background=1048576"
    "memorysetup-job-temp-allocator-reduction-small-platforms=262144"
    "memorysetup-temp-allocator-size-background-worker=32768"
    "memorysetup-temp-allocator-size-job-worker=262144"
    "memorysetup-temp-allocator-size-preload-manager=33554432"
    "memorysetup-temp-allocator-size-nav-mesh-worker=65536"
    "memorysetup-temp-allocator-size-audio-worker=65536"
    "memorysetup-temp-allocator-size-cloud-worker=32768"
    "memorysetup-temp-allocator-size-gi-baking-worker=262144"
    "memorysetup-temp-allocator-size-gfx=262144"
Refreshing native plugins compatible for Editor in 172.25 ms, found 3 plugins.
Preloading 0 native plugins for Editor in 0.00 ms.
Initialize engine version: 2021.3.0f1 (6eacc8284459)
[Subsystems] Discovering subsystems at path D:/Unity/2021.3.0f1/Editor/Data/Resources/UnitySubsystems
[Subsystems] Discovering subsystems at path C:/Games/Unity/GT/BlockMind/Assets
GfxDevice: creating device client; threaded=0; jobified=0
Direct3D:
    Version:  Direct3D 11.0 [level 11.1]
    Renderer: NVIDIA GeForce GTX 1050 Ti (ID=0x1c8c)
    Vendor:   NVIDIA
    VRAM:     4019 MB
    Driver:   30.0.15.1215
Initialize mono
Mono path[0] = 'D:/Unity/2021.3.0f1/Editor/Data/Managed'
Mono path[1] = 'D:/Unity/2021.3.0f1/Editor/Data/MonoBleedingEdge/lib/mono/unityjit-win32'
Mono config path = 'D:/Unity/2021.3.0f1/Editor/Data/MonoBleedingEdge/etc'
Using monoOptions --debugger-agent=transport=dt_socket,embedding=1,server=y,suspend=n,address=127.0.0.1:56880
Begin MonoManager ReloadAssembly
Registering precompiled unity dll's ...
Register platform support module: D:/Unity/2021.3.0f1/Editor/Data/PlaybackEngines/WebGLSupport/UnityEditor.WebGL.Extensions.dll
Register platform support module: D:/Unity/2021.3.0f1/Editor/Data/PlaybackEngines/AndroidPlayer/UnityEditor.Android.Extensions.dll
Register platform support module: D:/Unity/2021.3.0f1/Editor/Data/PlaybackEngines/WindowsStandaloneSupport/UnityEditor.WindowsStandalone.Extensions.dll
Registered in 0.002272 seconds.
Native extension for WindowsStandalone target not found
Native extension for Android target not found
Native extension for WebGL target not found
Refreshing native plugins compatible for Editor in 191.02 ms, found 3 plugins.
Preloading 0 native plugins for Editor in 0.00 ms.
Mono: successfully reloaded assembly
- Completed reload, in  0.790 seconds
Domain Reload Profiling:
	ReloadAssembly (790ms)
		BeginReloadAssembly (63ms)
			ExecutionOrderSort (0ms)
			DisableScriptedObjects (0ms)
			BackupInstance (0ms)
			ReleaseScriptingObjects (0ms)
			CreateAndSetChildDomain (1ms)
		EndReloadAssembly (618ms)
			LoadAssemblies (63ms)
			RebuildTransferFunctionScriptingTraits (0ms)
			SetupTypeCache (138ms)
			ReleaseScriptCaches (0ms)
			RebuildScriptCaches (28ms)
			SetupLoadedEditorAssemblies (398ms)
				LogAssemblyErrors (0ms)
				InitializePlatformSupportModulesInManaged (57ms)
				SetLoadedEditorAssemblies (0ms)
				RefreshPlugins (191ms)
				BeforeProcessingInitializeOnLoad (2ms)
				ProcessInitializeOnLoadAttributes (101ms)
				ProcessInitializeOnLoadMethodAttributes (46ms)
				AfterProcessingInitializeOnLoad (0ms)
				EditorAssembliesLoaded (0ms)
			ExecutionOrderSort2 (0ms)
			AwakeInstancesAfterBackupRestoration (0ms)
Platform modules already initialized, skipping
Registering precompiled user dll's ...
Registered in 0.005774 seconds.
Begin MonoManager ReloadAssembly
Symbol file LoadedFromMemory doesn't match image C:\Games\Unity\GT\BlockMind\Library\PackageCache\com.unity.visualscripting@1.7.6\Editor\VisualScripting.Core\Dependencies\YamlDotNet\Unity.VisualScripting.YamlDotNet.dll
Symbol file LoadedFromMemory is not a mono symbol file
Symbol file LoadedFromMemory doesn't match image C:\Games\Unity\GT\BlockMind\Library\PackageCache\com.unity.visualscripting@1.7.6\Editor\VisualScripting.Core\Dependencies\DotNetZip\Unity.VisualScripting.IonicZip.dll
Native extension for WindowsStandalone target not found
Native extension for Android target not found
Native extension for WebGL target not found
Refreshing native plugins compatible for Editor in 197.49 ms, found 3 plugins.
Preloading 0 native plugins for Editor in 0.00 ms.
Mono: successfully reloaded assembly
- Completed reload, in  1.956 seconds
Domain Reload Profiling:
	ReloadAssembly (1957ms)
		BeginReloadAssembly (226ms)
			ExecutionOrderSort (0ms)
			DisableScriptedObjects (7ms)
			BackupInstance (0ms)
			ReleaseScriptingObjects (0ms)
			CreateAndSetChildDomain (125ms)
		EndReloadAssembly (1590ms)
			LoadAssemblies (114ms)
			RebuildTransferFunctionScriptingTraits (0ms)
			SetupTypeCache (348ms)
			ReleaseScriptCaches (1ms)
			RebuildScriptCaches (81ms)
			SetupLoadedEditorAssemblies (997ms)
				LogAssemblyErrors (0ms)
				InitializePlatformSupportModulesInManaged (13ms)
				SetLoadedEditorAssemblies (0ms)
				RefreshPlugins (198ms)
				BeforeProcessingInitializeOnLoad (113ms)
				ProcessInitializeOnLoadAttributes (590ms)
				ProcessInitializeOnLoadMethodAttributes (81ms)
				AfterProcessingInitializeOnLoad (2ms)
				EditorAssembliesLoaded (0ms)
			ExecutionOrderSort2 (0ms)
			AwakeInstancesAfterBackupRestoration (6ms)
Platform modules already initialized, skipping
========================================================================
Worker process is ready to serve import requests
Launched and connected shader compiler UnityShaderCompiler.exe after 0.07 seconds
Refreshing native plugins compatible for Editor in 1.83 ms, found 3 plugins.
Preloading 0 native plugins for Editor in 0.00 ms.
Unloading 5376 Unused Serialized files (Serialized files now loaded: 0)
Unloading 35 unused Assets / (0.7 MB). Loaded Objects now: 5843.
Memory consumption went from 223.4 MB to 222.8 MB.
Total: 4.455800 ms (FindLiveObjects: 0.490400 ms CreateObjectMapping: 0.479400 ms MarkObjects: 3.125200 ms  DeleteObjects: 0.359200 ms)

AssetImportParameters requested are different than current active one (requested -> active):
  custom:video-decoder-ogg-theora: a1e56fd34408186e4bbccfd4996cb3dc -> 
  custom:container-muxer-webm: aa71ff27fc2769a1b78a27578f13a17b -> 
  custom:container-demuxer-webm: 4f35f7cbe854078d1ac9338744f61a02 -> 
  custom:video-encoder-webm-vp8: eb34c28f22e8b96e1ab97ce403110664 -> 
  custom:audio-encoder-webm-vorbis: bf7c407c2cedff20999df2af8eb42d56 -> 
  custom:framework-win-MediaFoundation: 216162199b28c13a410421893ffa2e32 -> 
  custom:container-demuxer-ogg: 62fdf1f143b41e24485cea50d1cbac27 -> 
  custom:video-decoder-webm-vp8: 9c59270c3fd7afecdb556c50c9e8de78 -> 
  custom:audio-decoder-ogg-vorbis: bf7c407c2cedff20999df2af8eb42d56 -> 
========================================================================
Received Import Request.
  Time since last request: 306120.806305 seconds.
  path: Assets/Unity_Assets/ProCamera2D/Examples/Platformer/Textures/0.png
  artifactKey: Guid(ed6174cfc03074afa9523d9500a2c7c0) Importer(815301076,1909f56bfc062723c751e8b465ee728b)
Start importing Assets/Unity_Assets/ProCamera2D/Examples/Platformer/Textures/0.png using Guid(ed6174cfc03074afa9523d9500a2c7c0) Importer(815301076,1909f56bfc062723c751e8b465ee728b)  -> (artifact id: 'e0301cc330bb24b6953c9bdb381ae4f5') in 0.250742 seconds 
========================================================================
Received Import Request.
  Time since last request: 0.000024 seconds.
  path: Assets/Unity_Assets/Joystick Pack/Sprites/Handles/Handle_Ridged_Arrows.png
  artifactKey: Guid(a6c56474666ce0647bdb766e9b4764b3) Importer(815301076,1909f56bfc062723c751e8b465ee728b)
Start importing Assets/Unity_Assets/Joystick Pack/Sprites/Handles/Handle_Ridged_Arrows.png using Guid(a6c56474666ce0647bdb766e9b4764b3) Importer(815301076,1909f56bfc062723c751e8b465ee728b)  -> (artifact id: '042e93082438c64d3896465fae7fb665') in 0.036700 seconds 
========================================================================
Received Import Request.
  Time since last request: 0.000033 seconds.
  path: Assets/Unity_Assets/Joystick Pack/Sprites/Horizontal Backgrounds/Horizontal_Outline_Arrows.png
  artifactKey: Guid(7927b9032dc11e841af3f9a1353d7ecd) Importer(815301076,1909f56bfc062723c751e8b465ee728b)
Start importing Assets/Unity_Assets/Joystick Pack/Sprites/Horizontal Backgrounds/Horizontal_Outline_Arrows.png using Guid(7927b9032dc11e841af3f9a1353d7ecd) Importer(815301076,1909f56bfc062723c751e8b465ee728b)  -> (artifact id: 'df6c5463953301ea7725667f285950e8') in 0.048425 seconds 
========================================================================
Received Import Request.
  Time since last request: 0.000026 seconds.
  path: Assets/Unity_Assets/Joystick Pack/Sprites/All Axis Backgrounds/AllAxis_Ridged.png
  artifactKey: Guid(54628aafa20f64b40ae661038ee7abf0) Importer(815301076,1909f56bfc062723c751e8b465ee728b)
Start importing Assets/Unity_Assets/Joystick Pack/Sprites/All Axis Backgrounds/AllAxis_Ridged.png using Guid(54628aafa20f64b40ae661038ee7abf0) Importer(815301076,1909f56bfc062723c751e8b465ee728b)  -> (artifact id: 'e366765a82754d5bbb733639f3e53441') in 0.045672 seconds 
========================================================================
Received Import Request.
  Time since last request: 0.000061 seconds.
  path: Assets/Unity_Assets/ProCamera2D/Code/Core/Editor/Images/inspector_header.png
  artifactKey: Guid(9d9bbd7169db4417e9f267c19416e9ed) Importer(815301076,1909f56bfc062723c751e8b465ee728b)
Start importing Assets/Unity_Assets/ProCamera2D/Code/Core/Editor/Images/inspector_header.png using Guid(9d9bbd7169db4417e9f267c19416e9ed) Importer(815301076,1909f56bfc062723c751e8b465ee728b)  -> (artifact id: '711fca0ff8c3ed6fb6a9849d2e3e3707') in 0.025818 seconds 
========================================================================
Received Import Request.
  Time since last request: 0.000020 seconds.
  path: Assets/Unity_Assets/PolygonApocalypse/Textures/Misc/Overgrowth.png
  artifactKey: Guid(a03a3c794ddc263449b7f54c9c61536d) Importer(815301076,1909f56bfc062723c751e8b465ee728b)
Start importing Assets/Unity_Assets/PolygonApocalypse/Textures/Misc/Overgrowth.png using Guid(a03a3c794ddc263449b7f54c9c61536d) Importer(815301076,1909f56bfc062723c751e8b465ee728b)  -> (artifact id: '8329da26a42a77c6b3e74121b46271a2') in 0.016382 seconds 
========================================================================
Received Import Request.
  Time since last request: 0.000021 seconds.
  path: Assets/Unity_Assets/Joystick Pack/Sprites/All Axis Backgrounds/AllAxis_Outline_Arrows.png
  artifactKey: Guid(48c0d4d6bebaa934384b07aa1e2f8184) Importer(815301076,1909f56bfc062723c751e8b465ee728b)
Start importing Assets/Unity_Assets/Joystick Pack/Sprites/All Axis Backgrounds/AllAxis_Outline_Arrows.png using Guid(48c0d4d6bebaa934384b07aa1e2f8184) Importer(815301076,1909f56bfc062723c751e8b465ee728b)  -> (artifact id: '707d34558c7313bf2b4005a59eff1f22') in 0.036328 seconds 
========================================================================
Received Import Request.
  Time since last request: 0.000030 seconds.
  path: Assets/Unity_Assets/Joystick Pack/Sprites/All Axis Backgrounds/AllAxis_Ridged_Arrows.png
  artifactKey: Guid(4cbc879550e5e374a925e2e0a84d6f3c) Importer(815301076,1909f56bfc062723c751e8b465ee728b)
Start importing Assets/Unity_Assets/Joystick Pack/Sprites/All Axis Backgrounds/AllAxis_Ridged_Arrows.png using Guid(4cbc879550e5e374a925e2e0a84d6f3c) Importer(815301076,1909f56bfc062723c751e8b465ee728b)  -> (artifact id: 'f0a17f72b90498bf96707bb5a01a5339') in 0.043216 seconds 
========================================================================
Received Import Request.
  Time since last request: 0.000031 seconds.
  path: Assets/Unity_Assets/ProCamera2D/Examples/Platformer/Textures/Ground.png
  artifactKey: Guid(57a291d06bb28429b96bf477524b59f5) Importer(815301076,1909f56bfc062723c751e8b465ee728b)
Start importing Assets/Unity_Assets/ProCamera2D/Examples/Platformer/Textures/Ground.png using Guid(57a291d06bb28429b96bf477524b59f5) Importer(815301076,1909f56bfc062723c751e8b465ee728b)  -> (artifact id: 'd0f5168df870c494a426bd6635a12bc0') in 0.022299 seconds 
========================================================================
Received Import Request.
  Time since last request: 0.000026 seconds.
  path: Assets/Unity_Assets/Joystick Pack/Sprites/Horizontal Backgrounds/Horizontal_Ridged.png
  artifactKey: Guid(6304ad603f150b649b764d29bbc2a87b) Importer(815301076,1909f56bfc062723c751e8b465ee728b)
Start importing Assets/Unity_Assets/Joystick Pack/Sprites/Horizontal Backgrounds/Horizontal_Ridged.png using Guid(6304ad603f150b649b764d29bbc2a87b) Importer(815301076,1909f56bfc062723c751e8b465ee728b)  -> (artifact id: 'b1fc76bfe113a67973a6f94b51ff46bd') in 0.041274 seconds 
========================================================================
Received Import Request.
  Time since last request: 0.000049 seconds.
  path: Assets/Unity_Assets/PolygonApocalypse/Textures/Misc/Base_normals.png
  artifactKey: Guid(f77401e80b669b3489a7a480df56de14) Importer(815301076,1909f56bfc062723c751e8b465ee728b)
Start importing Assets/Unity_Assets/PolygonApocalypse/Textures/Misc/Base_normals.png using Guid(f77401e80b669b3489a7a480df56de14) Importer(815301076,1909f56bfc062723c751e8b465ee728b)  -> (artifact id: '1cd2d897a37fd513bd64f50b71bb8c57') in 0.017469 seconds 
========================================================================
Received Import Request.
  Time since last request: 0.000021 seconds.
  path: Assets/Unity_Assets/Joystick Pack/Sprites/Handles/Handle_Plain.png
  artifactKey: Guid(010a6e5305fa7004f89c5d317b7b47d4) Importer(815301076,1909f56bfc062723c751e8b465ee728b)
Start importing Assets/Unity_Assets/Joystick Pack/Sprites/Handles/Handle_Plain.png using Guid(010a6e5305fa7004f89c5d317b7b47d4) Importer(815301076,1909f56bfc062723c751e8b465ee728b)  -> (artifact id: 'c5a506010b350e46370041055afe5197') in 0.028575 seconds 
========================================================================
Received Import Request.
  Time since last request: 0.000024 seconds.
  path: Assets/Unity_Assets/Joystick Pack/Sprites/Horizontal Backgrounds/Horizontal_Plain_Arrows.png
  artifactKey: Guid(c8585b68a92b5d440992ddd7d1b1a3d6) Importer(815301076,1909f56bfc062723c751e8b465ee728b)
Start importing Assets/Unity_Assets/Joystick Pack/Sprites/Horizontal Backgrounds/Horizontal_Plain_Arrows.png using Guid(c8585b68a92b5d440992ddd7d1b1a3d6) Importer(815301076,1909f56bfc062723c751e8b465ee728b)  -> (artifact id: '2509b5926e5a671d7c6c6a15546636dc') in 0.039342 seconds 
========================================================================
Received Import Request.
  Time since last request: 0.000026 seconds.
  path: Assets/Unity_Assets/Joystick Pack/Sprites/Horizontal Backgrounds/Horizontal_Outline.png
  artifactKey: Guid(cd0a2c1b2c014ba4c80c1df786e150e9) Importer(815301076,1909f56bfc062723c751e8b465ee728b)
Start importing Assets/Unity_Assets/Joystick Pack/Sprites/Horizontal Backgrounds/Horizontal_Outline.png using Guid(cd0a2c1b2c014ba4c80c1df786e150e9) Importer(815301076,1909f56bfc062723c751e8b465ee728b)  -> (artifact id: 'e590121c24546104956ed9e30484664d') in 0.040164 seconds 
========================================================================
Received Import Request.
  Time since last request: 0.000032 seconds.
  path: Assets/Unity_Assets/PolygonApocalypse/Textures/Misc/PolygonApocalypse_Blood_Alt.png
  artifactKey: Guid(3cdfe517960b2ac4d8cdcd666a5654dd) Importer(815301076,1909f56bfc062723c751e8b465ee728b)
Start importing Assets/Unity_Assets/PolygonApocalypse/Textures/Misc/PolygonApocalypse_Blood_Alt.png using Guid(3cdfe517960b2ac4d8cdcd666a5654dd) Importer(815301076,1909f56bfc062723c751e8b465ee728b)  -> (artifact id: '8474b6a235eb44167d55e39fc67e9b38') in 0.019487 seconds 
========================================================================
Received Import Request.
  Time since last request: 0.000028 seconds.
  path: Assets/Unity_Assets/PolygonApocalypse/Textures/Misc/PolygonApocalypse_Emissive_02.png
  artifactKey: Guid(1bd22cc0c97ce3b40a42329d905456d5) Importer(815301076,1909f56bfc062723c751e8b465ee728b)
Start importing Assets/Unity_Assets/PolygonApocalypse/Textures/Misc/PolygonApocalypse_Emissive_02.png using Guid(1bd22cc0c97ce3b40a42329d905456d5) Importer(815301076,1909f56bfc062723c751e8b465ee728b)  -> (artifact id: 'e8480f5e4c8d302f41d34f0912239092') in 0.020919 seconds 
========================================================================
Received Import Request.
  Time since last request: 0.254399 seconds.
  path: Assets/Unity_Assets/PolygonApocalypse/Textures/Misc/PolygonApocalypse_Emissive_03.png
  artifactKey: Guid(93fcbf7115e59d94ca31e613baf190e8) Importer(815301076,1909f56bfc062723c751e8b465ee728b)
Start importing Assets/Unity_Assets/PolygonApocalypse/Textures/Misc/PolygonApocalypse_Emissive_03.png using Guid(93fcbf7115e59d94ca31e613baf190e8) Importer(815301076,1909f56bfc062723c751e8b465ee728b)  -> (artifact id: '91ae24b50c3a4870f45a4b4c53fe4549') in 0.030601 seconds 
========================================================================
Received Import Request.
  Time since last request: 0.062495 seconds.
  path: Assets/Unity_Assets/PolygonApocalypse/Textures/Misc/PolygonApocalypse_Rubble_01.png
  artifactKey: Guid(ac6d093243d7f6e4881209f3683968a7) Importer(815301076,1909f56bfc062723c751e8b465ee728b)
Start importing Assets/Unity_Assets/PolygonApocalypse/Textures/Misc/PolygonApocalypse_Rubble_01.png using Guid(ac6d093243d7f6e4881209f3683968a7) Importer(815301076,1909f56bfc062723c751e8b465ee728b)  -> (artifact id: 'c3c84c54ce4684d1ee0f1ab1a11d056c') in 0.040166 seconds 
========================================================================
Received Import Request.
  Time since last request: 17.295569 seconds.
  path: Assets/Unity_Assets/PolygonApocalypse/Textures/Misc/PolygonApocalypse_Texture_01_Burnt.png
  artifactKey: Guid(7cf05177d0dec624ea8db303943222cd) Importer(815301076,1909f56bfc062723c751e8b465ee728b)
Start importing Assets/Unity_Assets/PolygonApocalypse/Textures/Misc/PolygonApocalypse_Texture_01_Burnt.png using Guid(7cf05177d0dec624ea8db303943222cd) Importer(815301076,1909f56bfc062723c751e8b465ee728b)  -> (artifact id: '251f48c0e38a209fabbfca79bbfc5cbe') in 0.016893 seconds 
========================================================================
Received Import Request.
  Time since last request: 0.318559 seconds.
  path: Assets/Unity_Assets/PolygonApocalypse/Textures/Alts/PolygonApocalypse_Texture_01_C.png
  artifactKey: Guid(fb8dbf69e0706a24385e3563053a84b4) Importer(815301076,1909f56bfc062723c751e8b465ee728b)
Start importing Assets/Unity_Assets/PolygonApocalypse/Textures/Alts/PolygonApocalypse_Texture_01_C.png using Guid(fb8dbf69e0706a24385e3563053a84b4) Importer(815301076,1909f56bfc062723c751e8b465ee728b)  -> (artifact id: '00f67afe55f12429e23233a48e830b80') in 0.017610 seconds 
========================================================================
Received Import Request.
  Time since last request: 0.044451 seconds.
  path: Assets/Unity_Assets/PolygonApocalypse/Textures/Alts/PolygonApocalypse_Texture_02_C.png
  artifactKey: Guid(5bf74002d18c81d44831b8b75eaf02a1) Importer(815301076,1909f56bfc062723c751e8b465ee728b)
Start importing Assets/Unity_Assets/PolygonApocalypse/Textures/Alts/PolygonApocalypse_Texture_02_C.png using Guid(5bf74002d18c81d44831b8b75eaf02a1) Importer(815301076,1909f56bfc062723c751e8b465ee728b)  -> (artifact id: '400d5ec18b3dd56c0457b37a69f764fc') in 0.016454 seconds 
